[2020-03-20 14:05:52] local.ERROR: could not find driver (SQL: select * from `ss_user` where `ss_user`.`ss_user_id` = 1 limit 1) {"exception":"[object] (Illuminate\\Database\\QueryException(code: 0): could not find driver (SQL: select * from `ss_user` where `ss_user`.`ss_user_id` = 1 limit 1) at /home/openbravo/Desktop/SIDESOFT/INDICADORES SITEMA WEB/indicadoresSidesoft/vendor/laravel/framework/src/Illuminate/Database/Connection.php:664, Doctrine\\DBAL\\Driver\\PDOException(code: 0): could not find driver at /home/openbravo/Desktop/SIDESOFT/INDICADORES SITEMA WEB/indicadoresSidesoft/vendor/doctrine/dbal/lib/Doctrine/DBAL/Driver/PDOConnection.php:31, PDOException(code: 0): could not find driver at /home/openbravo/Desktop/SIDESOFT/INDICADORES SITEMA WEB/indicadoresSidesoft/vendor/doctrine/dbal/lib/Doctrine/DBAL/Driver/PDOConnection.php:27)
[stacktrace]
#0 /home/openbravo/Desktop/SIDESOFT/INDICADORES SITEMA WEB/indicadoresSidesoft/vendor/laravel/framework/src/Illuminate/Database/Connection.php(624): Illuminate\\Database\\Connection->runQueryCallback()
#1 /home/openbravo/Desktop/SIDESOFT/INDICADORES SITEMA WEB/indicadoresSidesoft/vendor/laravel/framework/src/Illuminate/Database/Connection.php(333): Illuminate\\Database\\Connection->run()
#2 /home/openbravo/Desktop/SIDESOFT/INDICADORES SITEMA WEB/indicadoresSidesoft/vendor/laravel/framework/src/Illuminate/Database/Query/Builder.php(2130): Illuminate\\Database\\Connection->select()
#3 /home/openbravo/Desktop/SIDESOFT/INDICADORES SITEMA WEB/indicadoresSidesoft/vendor/laravel/framework/src/Illuminate/Database/Query/Builder.php(2118): Illuminate\\Database\\Query\\Builder->runSelect()
#4 /home/openbravo/Desktop/SIDESOFT/INDICADORES SITEMA WEB/indicadoresSidesoft/vendor/laravel/framework/src/Illuminate/Database/Query/Builder.php(2604): Illuminate\\Database\\Query\\Builder->Illuminate\\Database\\Query\\{closure}()
#5 /home/openbravo/Desktop/SIDESOFT/INDICADORES SITEMA WEB/indicadoresSidesoft/vendor/laravel/framework/src/Illuminate/Database/Query/Builder.php(2119): Illuminate\\Database\\Query\\Builder->onceWithColumns()
#6 /home/openbravo/Desktop/SIDESOFT/INDICADORES SITEMA WEB/indicadoresSidesoft/vendor/laravel/framework/src/Illuminate/Database/Eloquent/Builder.php(521): Illuminate\\Database\\Query\\Builder->get()
#7 /home/openbravo/Desktop/SIDESOFT/INDICADORES SITEMA WEB/indicadoresSidesoft/vendor/laravel/framework/src/Illuminate/Database/Eloquent/Builder.php(505): Illuminate\\Database\\Eloquent\\Builder->getModels()
#8 /home/openbravo/Desktop/SIDESOFT/INDICADORES SITEMA WEB/indicadoresSidesoft/vendor/laravel/framework/src/Illuminate/Database/Concerns/BuildsQueries.php(77): Illuminate\\Database\\Eloquent\\Builder->get()
#9 /home/openbravo/Desktop/SIDESOFT/INDICADORES SITEMA WEB/indicadoresSidesoft/vendor/laravel/framework/src/Illuminate/Database/Eloquent/Builder.php(329): Illuminate\\Database\\Eloquent\\Builder->first()
#10 /home/openbravo/Desktop/SIDESOFT/INDICADORES SITEMA WEB/indicadoresSidesoft/vendor/laravel/framework/src/Illuminate/Support/Traits/ForwardsCalls.php(23): Illuminate\\Database\\Eloquent\\Builder->find()
#11 /home/openbravo/Desktop/SIDESOFT/INDICADORES SITEMA WEB/indicadoresSidesoft/vendor/laravel/framework/src/Illuminate/Database/Eloquent/Model.php(1618): Illuminate\\Database\\Eloquent\\Model->forwardCallTo()
#12 /home/openbravo/Desktop/SIDESOFT/INDICADORES SITEMA WEB/indicadoresSidesoft/vendor/laravel/framework/src/Illuminate/Database/Eloquent/Model.php(1630): Illuminate\\Database\\Eloquent\\Model->__call()
#13 /home/openbravo/Desktop/SIDESOFT/INDICADORES SITEMA WEB/indicadoresSidesoft/app/Repositories/DeveloperServiceRepository.php(14): Illuminate\\Database\\Eloquent\\Model::__callStatic()
#14 /home/openbravo/Desktop/SIDESOFT/INDICADORES SITEMA WEB/indicadoresSidesoft/app/Http/Controllers/DeveloperController.php(42): App\\Repositories\\DeveloperServiceRepository->getBacklogsYear()
#15 [internal function]: App\\Http\\Controllers\\DeveloperController->indicadoresTecnicos()
#16 /home/openbravo/Desktop/SIDESOFT/INDICADORES SITEMA WEB/indicadoresSidesoft/vendor/laravel/framework/src/Illuminate/Routing/Controller.php(54): call_user_func_array()
#17 /home/openbravo/Desktop/SIDESOFT/INDICADORES SITEMA WEB/indicadoresSidesoft/vendor/laravel/framework/src/Illuminate/Routing/ControllerDispatcher.php(45): Illuminate\\Routing\\Controller->callAction()
#18 /home/openbravo/Desktop/SIDESOFT/INDICADORES SITEMA WEB/indicadoresSidesoft/vendor/laravel/framework/src/Illuminate/Routing/Route.php(219): Illuminate\\Routing\\ControllerDispatcher->dispatch()
#19 /home/openbravo/Desktop/SIDESOFT/INDICADORES SITEMA WEB/indicadoresSidesoft/vendor/laravel/framework/src/Illuminate/Routing/Route.php(176): Illuminate\\Routing\\Route->runController()
#20 /home/openbravo/Desktop/SIDESOFT/INDICADORES SITEMA WEB/indicadoresSidesoft/vendor/laravel/framework/src/Illuminate/Routing/Router.php(680): Illuminate\\Routing\\Route->run()
#21 /home/openbravo/Desktop/SIDESOFT/INDICADORES SITEMA WEB/indicadoresSidesoft/vendor/laravel/framework/src/Illuminate/Routing/Pipeline.php(30): Illuminate\\Routing\\Router->Illuminate\\Routing\\{closure}()
#22 /home/openbravo/Desktop/SIDESOFT/INDICADORES SITEMA WEB/indicadoresSidesoft/vendor/laravel/framework/src/Illuminate/Routing/Middleware/SubstituteBindings.php(41): Illuminate\\Routing\\Pipeline->Illuminate\\Routing\\{closure}()
#23 /home/openbravo/Desktop/SIDESOFT/INDICADORES SITEMA WEB/indicadoresSidesoft/vendor/laravel/framework/src/Illuminate/Pipeline/Pipeline.php(163): Illuminate\\Routing\\Middleware\\SubstituteBindings->handle()
#24 /home/openbravo/Desktop/SIDESOFT/INDICADORES SITEMA WEB/indicadoresSidesoft/vendor/laravel/framework/src/Illuminate/Routing/Pipeline.php(53): Illuminate\\Pipeline\\Pipeline->Illuminate\\Pipeline\\{closure}()
#25 /home/openbravo/Desktop/SIDESOFT/INDICADORES SITEMA WEB/indicadoresSidesoft/vendor/laravel/framework/src/Illuminate/Foundation/Http/Middleware/VerifyCsrfToken.php(75): Illuminate\\Routing\\Pipeline->Illuminate\\Routing\\{closure}()
#26 /home/openbravo/Desktop/SIDESOFT/INDICADORES SITEMA WEB/indicadoresSidesoft/vendor/laravel/framework/src/Illuminate/Pipeline/Pipeline.php(163): Illuminate\\Foundation\\Http\\Middleware\\VerifyCsrfToken->handle()
#27 /home/openbravo/Desktop/SIDESOFT/INDICADORES SITEMA WEB/indicadoresSidesoft/vendor/laravel/framework/src/Illuminate/Routing/Pipeline.php(53): Illuminate\\Pipeline\\Pipeline->Illuminate\\Pipeline\\{closure}()
#28 /home/openbravo/Desktop/SIDESOFT/INDICADORES SITEMA WEB/indicadoresSidesoft/vendor/laravel/framework/src/Illuminate/View/Middleware/ShareErrorsFromSession.php(49): Illuminate\\Routing\\Pipeline->Illuminate\\Routing\\{closure}()
#29 /home/openbravo/Desktop/SIDESOFT/INDICADORES SITEMA WEB/indicadoresSidesoft/vendor/laravel/framework/src/Illuminate/Pipeline/Pipeline.php(163): Illuminate\\View\\Middleware\\ShareErrorsFromSession->handle()
#30 /home/openbravo/Desktop/SIDESOFT/INDICADORES SITEMA WEB/indicadoresSidesoft/vendor/laravel/framework/src/Illuminate/Routing/Pipeline.php(53): Illuminate\\Pipeline\\Pipeline->Illuminate\\Pipeline\\{closure}()
#31 /home/openbravo/Desktop/SIDESOFT/INDICADORES SITEMA WEB/indicadoresSidesoft/vendor/laravel/framework/src/Illuminate/Session/Middleware/StartSession.php(56): Illuminate\\Routing\\Pipeline->Illuminate\\Routing\\{closure}()
#32 /home/openbravo/Desktop/SIDESOFT/INDICADORES SITEMA WEB/indicadoresSidesoft/vendor/laravel/framework/src/Illuminate/Pipeline/Pipeline.php(163): Illuminate\\Session\\Middleware\\StartSession->handle()
#33 /home/openbravo/Desktop/SIDESOFT/INDICADORES SITEMA WEB/indicadoresSidesoft/vendor/laravel/framework/src/Illuminate/Routing/Pipeline.php(53): Illuminate\\Pipeline\\Pipeline->Illuminate\\Pipeline\\{closure}()
#34 /home/openbravo/Desktop/SIDESOFT/INDICADORES SITEMA WEB/indicadoresSidesoft/vendor/laravel/framework/src/Illuminate/Cookie/Middleware/AddQueuedCookiesToResponse.php(37): Illuminate\\Routing\\Pipeline->Illuminate\\Routing\\{closure}()
#35 /home/openbravo/Desktop/SIDESOFT/INDICADORES SITEMA WEB/indicadoresSidesoft/vendor/laravel/framework/src/Illuminate/Pipeline/Pipeline.php(163): Illuminate\\Cookie\\Middleware\\AddQueuedCookiesToResponse->handle()
#36 /home/openbravo/Desktop/SIDESOFT/INDICADORES SITEMA WEB/indicadoresSidesoft/vendor/laravel/framework/src/Illuminate/Routing/Pipeline.php(53): Illuminate\\Pipeline\\Pipeline->Illuminate\\Pipeline\\{closure}()
#37 /home/openbravo/Desktop/SIDESOFT/INDICADORES SITEMA WEB/indicadoresSidesoft/vendor/laravel/framework/src/Illuminate/Cookie/Middleware/EncryptCookies.php(66): Illuminate\\Routing\\Pipeline->Illuminate\\Routing\\{closure}()
#38 /home/openbravo/Desktop/SIDESOFT/INDICADORES SITEMA WEB/indicadoresSidesoft/vendor/laravel/framework/src/Illuminate/Pipeline/Pipeline.php(163): Illuminate\\Cookie\\Middleware\\EncryptCookies->handle()
#39 /home/openbravo/Desktop/SIDESOFT/INDICADORES SITEMA WEB/indicadoresSidesoft/vendor/laravel/framework/src/Illuminate/Routing/Pipeline.php(53): Illuminate\\Pipeline\\Pipeline->Illuminate\\Pipeline\\{closure}()
#40 /home/openbravo/Desktop/SIDESOFT/INDICADORES SITEMA WEB/indicadoresSidesoft/vendor/laravel/framework/src/Illuminate/Pipeline/Pipeline.php(104): Illuminate\\Routing\\Pipeline->Illuminate\\Routing\\{closure}()
#41 /home/openbravo/Desktop/SIDESOFT/INDICADORES SITEMA WEB/indicadoresSidesoft/vendor/laravel/framework/src/Illuminate/Routing/Router.php(682): Illuminate\\Pipeline\\Pipeline->then()
#42 /home/openbravo/Desktop/SIDESOFT/INDICADORES SITEMA WEB/indicadoresSidesoft/vendor/laravel/framework/src/Illuminate/Routing/Router.php(657): Illuminate\\Routing\\Router->runRouteWithinStack()
#43 /home/openbravo/Desktop/SIDESOFT/INDICADORES SITEMA WEB/indicadoresSidesoft/vendor/laravel/framework/src/Illuminate/Routing/Router.php(623): Illuminate\\Routing\\Router->runRoute()
#44 /home/openbravo/Desktop/SIDESOFT/INDICADORES SITEMA WEB/indicadoresSidesoft/vendor/laravel/framework/src/Illuminate/Routing/Router.php(612): Illuminate\\Routing\\Router->dispatchToRoute()
#45 /home/openbravo/Desktop/SIDESOFT/INDICADORES SITEMA WEB/indicadoresSidesoft/vendor/laravel/framework/src/Illuminate/Foundation/Http/Kernel.php(176): Illuminate\\Routing\\Router->dispatch()
#46 /home/openbravo/Desktop/SIDESOFT/INDICADORES SITEMA WEB/indicadoresSidesoft/vendor/laravel/framework/src/Illuminate/Routing/Pipeline.php(30): Illuminate\\Foundation\\Http\\Kernel->Illuminate\\Foundation\\Http\\{closure}()
#47 /home/openbravo/Desktop/SIDESOFT/INDICADORES SITEMA WEB/indicadoresSidesoft/vendor/laravel/framework/src/Illuminate/Foundation/Http/Middleware/TransformsRequest.php(21): Illuminate\\Routing\\Pipeline->Illuminate\\Routing\\{closure}()
#48 /home/openbravo/Desktop/SIDESOFT/INDICADORES SITEMA WEB/indicadoresSidesoft/vendor/laravel/framework/src/Illuminate/Pipeline/Pipeline.php(163): Illuminate\\Foundation\\Http\\Middleware\\TransformsRequest->handle()
#49 /home/openbravo/Desktop/SIDESOFT/INDICADORES SITEMA WEB/indicadoresSidesoft/vendor/laravel/framework/src/Illuminate/Routing/Pipeline.php(53): Illuminate\\Pipeline\\Pipeline->Illuminate\\Pipeline\\{closure}()
#50 /home/openbravo/Desktop/SIDESOFT/INDICADORES SITEMA WEB/indicadoresSidesoft/vendor/laravel/framework/src/Illuminate/Foundation/Http/Middleware/TransformsRequest.php(21): Illuminate\\Routing\\Pipeline->Illuminate\\Routing\\{closure}()
#51 /home/openbravo/Desktop/SIDESOFT/INDICADORES SITEMA WEB/indicadoresSidesoft/vendor/laravel/framework/src/Illuminate/Pipeline/Pipeline.php(163): Illuminate\\Foundation\\Http\\Middleware\\TransformsRequest->handle()
#52 /home/openbravo/Desktop/SIDESOFT/INDICADORES SITEMA WEB/indicadoresSidesoft/vendor/laravel/framework/src/Illuminate/Routing/Pipeline.php(53): Illuminate\\Pipeline\\Pipeline->Illuminate\\Pipeline\\{closure}()
#53 /home/openbravo/Desktop/SIDESOFT/INDICADORES SITEMA WEB/indicadoresSidesoft/vendor/laravel/framework/src/Illuminate/Foundation/Http/Middleware/ValidatePostSize.php(27): Illuminate\\Routing\\Pipeline->Illuminate\\Routing\\{closure}()
#54 /home/openbravo/Desktop/SIDESOFT/INDICADORES SITEMA WEB/indicadoresSidesoft/vendor/laravel/framework/src/Illuminate/Pipeline/Pipeline.php(163): Illuminate\\Foundation\\Http\\Middleware\\ValidatePostSize->handle()
#55 /home/openbravo/Desktop/SIDESOFT/INDICADORES SITEMA WEB/indicadoresSidesoft/vendor/laravel/framework/src/Illuminate/Routing/Pipeline.php(53): Illuminate\\Pipeline\\Pipeline->Illuminate\\Pipeline\\{closure}()
#56 /home/openbravo/Desktop/SIDESOFT/INDICADORES SITEMA WEB/indicadoresSidesoft/vendor/laravel/framework/src/Illuminate/Foundation/Http/Middleware/CheckForMaintenanceMode.php(62): Illuminate\\Routing\\Pipeline->Illuminate\\Routing\\{closure}()
#57 /home/openbravo/Desktop/SIDESOFT/INDICADORES SITEMA WEB/indicadoresSidesoft/vendor/laravel/framework/src/Illuminate/Pipeline/Pipeline.php(163): Illuminate\\Foundation\\Http\\Middleware\\CheckForMaintenanceMode->handle()
#58 /home/openbravo/Desktop/SIDESOFT/INDICADORES SITEMA WEB/indicadoresSidesoft/vendor/laravel/framework/src/Illuminate/Routing/Pipeline.php(53): Illuminate\\Pipeline\\Pipeline->Illuminate\\Pipeline\\{closure}()
#59 /home/openbravo/Desktop/SIDESOFT/INDICADORES SITEMA WEB/indicadoresSidesoft/vendor/fideloper/proxy/src/TrustProxies.php(57): Illuminate\\Routing\\Pipeline->Illuminate\\Routing\\{closure}()
#60 /home/openbravo/Desktop/SIDESOFT/INDICADORES SITEMA WEB/indicadoresSidesoft/vendor/laravel/framework/src/Illuminate/Pipeline/Pipeline.php(163): Fideloper\\Proxy\\TrustProxies->handle()
#61 /home/openbravo/Desktop/SIDESOFT/INDICADORES SITEMA WEB/indicadoresSidesoft/vendor/laravel/framework/src/Illuminate/Routing/Pipeline.php(53): Illuminate\\Pipeline\\Pipeline->Illuminate\\Pipeline\\{closure}()
#62 /home/openbravo/Desktop/SIDESOFT/INDICADORES SITEMA WEB/indicadoresSidesoft/vendor/laravel/framework/src/Illuminate/Pipeline/Pipeline.php(104): Illuminate\\Routing\\Pipeline->Illuminate\\Routing\\{closure}()
#63 /home/openbravo/Desktop/SIDESOFT/INDICADORES SITEMA WEB/indicadoresSidesoft/vendor/laravel/framework/src/Illuminate/Foundation/Http/Kernel.php(151): Illuminate\\Pipeline\\Pipeline->then()
#64 /home/openbravo/Desktop/SIDESOFT/INDICADORES SITEMA WEB/indicadoresSidesoft/vendor/laravel/framework/src/Illuminate/Foundation/Http/Kernel.php(116): Illuminate\\Foundation\\Http\\Kernel->sendRequestThroughRouter()
#65 /home/openbravo/Desktop/SIDESOFT/INDICADORES SITEMA WEB/indicadoresSidesoft/public/index.php(55): Illuminate\\Foundation\\Http\\Kernel->handle()
#66 /home/openbravo/Desktop/SIDESOFT/INDICADORES SITEMA WEB/indicadoresSidesoft/server.php(21): require_once('/home/openbravo...')
#67 {main}
"} 
[2020-03-20 14:05:52] local.ERROR: file_put_contents(C:\Users\kevin\Desktop\SIDESOFT\INDICADORES SS\indicadoresSidesoft\storage\framework/sessions/i1bPtKV9eV659UOWnFPbAkE7yGdfsCaqvoPpTotU): failed to open stream: No such file or directory {"exception":"[object] (ErrorException(code: 0): file_put_contents(C:\\Users\\kevin\\Desktop\\SIDESOFT\\INDICADORES SS\\indicadoresSidesoft\\storage\\framework/sessions/i1bPtKV9eV659UOWnFPbAkE7yGdfsCaqvoPpTotU): failed to open stream: No such file or directory at /home/openbravo/Desktop/SIDESOFT/INDICADORES SITEMA WEB/indicadoresSidesoft/vendor/laravel/framework/src/Illuminate/Filesystem/Filesystem.php:122)
[stacktrace]
#0 [internal function]: Illuminate\\Foundation\\Bootstrap\\HandleExceptions->handleError()
#1 /home/openbravo/Desktop/SIDESOFT/INDICADORES SITEMA WEB/indicadoresSidesoft/vendor/laravel/framework/src/Illuminate/Filesystem/Filesystem.php(122): file_put_contents()
#2 /home/openbravo/Desktop/SIDESOFT/INDICADORES SITEMA WEB/indicadoresSidesoft/vendor/laravel/framework/src/Illuminate/Session/FileSessionHandler.php(83): Illuminate\\Filesystem\\Filesystem->put()
#3 /home/openbravo/Desktop/SIDESOFT/INDICADORES SITEMA WEB/indicadoresSidesoft/vendor/laravel/framework/src/Illuminate/Session/Store.php(129): Illuminate\\Session\\FileSessionHandler->write()
#4 /home/openbravo/Desktop/SIDESOFT/INDICADORES SITEMA WEB/indicadoresSidesoft/vendor/laravel/framework/src/Illuminate/Session/Middleware/StartSession.php(170): Illuminate\\Session\\Store->save()
#5 /home/openbravo/Desktop/SIDESOFT/INDICADORES SITEMA WEB/indicadoresSidesoft/vendor/laravel/framework/src/Illuminate/Session/Middleware/StartSession.php(65): Illuminate\\Session\\Middleware\\StartSession->saveSession()
#6 /home/openbravo/Desktop/SIDESOFT/INDICADORES SITEMA WEB/indicadoresSidesoft/vendor/laravel/framework/src/Illuminate/Pipeline/Pipeline.php(163): Illuminate\\Session\\Middleware\\StartSession->handle()
#7 /home/openbravo/Desktop/SIDESOFT/INDICADORES SITEMA WEB/indicadoresSidesoft/vendor/laravel/framework/src/Illuminate/Routing/Pipeline.php(53): Illuminate\\Pipeline\\Pipeline->Illuminate\\Pipeline\\{closure}()
#8 /home/openbravo/Desktop/SIDESOFT/INDICADORES SITEMA WEB/indicadoresSidesoft/vendor/laravel/framework/src/Illuminate/Cookie/Middleware/AddQueuedCookiesToResponse.php(37): Illuminate\\Routing\\Pipeline->Illuminate\\Routing\\{closure}()
#9 /home/openbravo/Desktop/SIDESOFT/INDICADORES SITEMA WEB/indicadoresSidesoft/vendor/laravel/framework/src/Illuminate/Pipeline/Pipeline.php(163): Illuminate\\Cookie\\Middleware\\AddQueuedCookiesToResponse->handle()
#10 /home/openbravo/Desktop/SIDESOFT/INDICADORES SITEMA WEB/indicadoresSidesoft/vendor/laravel/framework/src/Illuminate/Routing/Pipeline.php(53): Illuminate\\Pipeline\\Pipeline->Illuminate\\Pipeline\\{closure}()
#11 /home/openbravo/Desktop/SIDESOFT/INDICADORES SITEMA WEB/indicadoresSidesoft/vendor/laravel/framework/src/Illuminate/Cookie/Middleware/EncryptCookies.php(66): Illuminate\\Routing\\Pipeline->Illuminate\\Routing\\{closure}()
#12 /home/openbravo/Desktop/SIDESOFT/INDICADORES SITEMA WEB/indicadoresSidesoft/vendor/laravel/framework/src/Illuminate/Pipeline/Pipeline.php(163): Illuminate\\Cookie\\Middleware\\EncryptCookies->handle()
#13 /home/openbravo/Desktop/SIDESOFT/INDICADORES SITEMA WEB/indicadoresSidesoft/vendor/laravel/framework/src/Illuminate/Routing/Pipeline.php(53): Illuminate\\Pipeline\\Pipeline->Illuminate\\Pipeline\\{closure}()
#14 /home/openbravo/Desktop/SIDESOFT/INDICADORES SITEMA WEB/indicadoresSidesoft/vendor/laravel/framework/src/Illuminate/Pipeline/Pipeline.php(104): Illuminate\\Routing\\Pipeline->Illuminate\\Routing\\{closure}()
#15 /home/openbravo/Desktop/SIDESOFT/INDICADORES SITEMA WEB/indicadoresSidesoft/vendor/laravel/framework/src/Illuminate/Routing/Router.php(682): Illuminate\\Pipeline\\Pipeline->then()
#16 /home/openbravo/Desktop/SIDESOFT/INDICADORES SITEMA WEB/indicadoresSidesoft/vendor/laravel/framework/src/Illuminate/Routing/Router.php(657): Illuminate\\Routing\\Router->runRouteWithinStack()
#17 /home/openbravo/Desktop/SIDESOFT/INDICADORES SITEMA WEB/indicadoresSidesoft/vendor/laravel/framework/src/Illuminate/Routing/Router.php(623): Illuminate\\Routing\\Router->runRoute()
#18 /home/openbravo/Desktop/SIDESOFT/INDICADORES SITEMA WEB/indicadoresSidesoft/vendor/laravel/framework/src/Illuminate/Routing/Router.php(612): Illuminate\\Routing\\Router->dispatchToRoute()
#19 /home/openbravo/Desktop/SIDESOFT/INDICADORES SITEMA WEB/indicadoresSidesoft/vendor/laravel/framework/src/Illuminate/Foundation/Http/Kernel.php(176): Illuminate\\Routing\\Router->dispatch()
#20 /home/openbravo/Desktop/SIDESOFT/INDICADORES SITEMA WEB/indicadoresSidesoft/vendor/laravel/framework/src/Illuminate/Routing/Pipeline.php(30): Illuminate\\Foundation\\Http\\Kernel->Illuminate\\Foundation\\Http\\{closure}()
#21 /home/openbravo/Desktop/SIDESOFT/INDICADORES SITEMA WEB/indicadoresSidesoft/vendor/laravel/framework/src/Illuminate/Foundation/Http/Middleware/TransformsRequest.php(21): Illuminate\\Routing\\Pipeline->Illuminate\\Routing\\{closure}()
#22 /home/openbravo/Desktop/SIDESOFT/INDICADORES SITEMA WEB/indicadoresSidesoft/vendor/laravel/framework/src/Illuminate/Pipeline/Pipeline.php(163): Illuminate\\Foundation\\Http\\Middleware\\TransformsRequest->handle()
#23 /home/openbravo/Desktop/SIDESOFT/INDICADORES SITEMA WEB/indicadoresSidesoft/vendor/laravel/framework/src/Illuminate/Routing/Pipeline.php(53): Illuminate\\Pipeline\\Pipeline->Illuminate\\Pipeline\\{closure}()
#24 /home/openbravo/Desktop/SIDESOFT/INDICADORES SITEMA WEB/indicadoresSidesoft/vendor/laravel/framework/src/Illuminate/Foundation/Http/Middleware/TransformsRequest.php(21): Illuminate\\Routing\\Pipeline->Illuminate\\Routing\\{closure}()
#25 /home/openbravo/Desktop/SIDESOFT/INDICADORES SITEMA WEB/indicadoresSidesoft/vendor/laravel/framework/src/Illuminate/Pipeline/Pipeline.php(163): Illuminate\\Foundation\\Http\\Middleware\\TransformsRequest->handle()
#26 /home/openbravo/Desktop/SIDESOFT/INDICADORES SITEMA WEB/indicadoresSidesoft/vendor/laravel/framework/src/Illuminate/Routing/Pipeline.php(53): Illuminate\\Pipeline\\Pipeline->Illuminate\\Pipeline\\{closure}()
#27 /home/openbravo/Desktop/SIDESOFT/INDICADORES SITEMA WEB/indicadoresSidesoft/vendor/laravel/framework/src/Illuminate/Foundation/Http/Middleware/ValidatePostSize.php(27): Illuminate\\Routing\\Pipeline->Illuminate\\Routing\\{closure}()
#28 /home/openbravo/Desktop/SIDESOFT/INDICADORES SITEMA WEB/indicadoresSidesoft/vendor/laravel/framework/src/Illuminate/Pipeline/Pipeline.php(163): Illuminate\\Foundation\\Http\\Middleware\\ValidatePostSize->handle()
#29 /home/openbravo/Desktop/SIDESOFT/INDICADORES SITEMA WEB/indicadoresSidesoft/vendor/laravel/framework/src/Illuminate/Routing/Pipeline.php(53): Illuminate\\Pipeline\\Pipeline->Illuminate\\Pipeline\\{closure}()
#30 /home/openbravo/Desktop/SIDESOFT/INDICADORES SITEMA WEB/indicadoresSidesoft/vendor/laravel/framework/src/Illuminate/Foundation/Http/Middleware/CheckForMaintenanceMode.php(62): Illuminate\\Routing\\Pipeline->Illuminate\\Routing\\{closure}()
#31 /home/openbravo/Desktop/SIDESOFT/INDICADORES SITEMA WEB/indicadoresSidesoft/vendor/laravel/framework/src/Illuminate/Pipeline/Pipeline.php(163): Illuminate\\Foundation\\Http\\Middleware\\CheckForMaintenanceMode->handle()
#32 /home/openbravo/Desktop/SIDESOFT/INDICADORES SITEMA WEB/indicadoresSidesoft/vendor/laravel/framework/src/Illuminate/Routing/Pipeline.php(53): Illuminate\\Pipeline\\Pipeline->Illuminate\\Pipeline\\{closure}()
#33 /home/openbravo/Desktop/SIDESOFT/INDICADORES SITEMA WEB/indicadoresSidesoft/vendor/fideloper/proxy/src/TrustProxies.php(57): Illuminate\\Routing\\Pipeline->Illuminate\\Routing\\{closure}()
#34 /home/openbravo/Desktop/SIDESOFT/INDICADORES SITEMA WEB/indicadoresSidesoft/vendor/laravel/framework/src/Illuminate/Pipeline/Pipeline.php(163): Fideloper\\Proxy\\TrustProxies->handle()
#35 /home/openbravo/Desktop/SIDESOFT/INDICADORES SITEMA WEB/indicadoresSidesoft/vendor/laravel/framework/src/Illuminate/Routing/Pipeline.php(53): Illuminate\\Pipeline\\Pipeline->Illuminate\\Pipeline\\{closure}()
#36 /home/openbravo/Desktop/SIDESOFT/INDICADORES SITEMA WEB/indicadoresSidesoft/vendor/laravel/framework/src/Illuminate/Pipeline/Pipeline.php(104): Illuminate\\Routing\\Pipeline->Illuminate\\Routing\\{closure}()
#37 /home/openbravo/Desktop/SIDESOFT/INDICADORES SITEMA WEB/indicadoresSidesoft/vendor/laravel/framework/src/Illuminate/Foundation/Http/Kernel.php(151): Illuminate\\Pipeline\\Pipeline->then()
#38 /home/openbravo/Desktop/SIDESOFT/INDICADORES SITEMA WEB/indicadoresSidesoft/vendor/laravel/framework/src/Illuminate/Foundation/Http/Kernel.php(116): Illuminate\\Foundation\\Http\\Kernel->sendRequestThroughRouter()
#39 /home/openbravo/Desktop/SIDESOFT/INDICADORES SITEMA WEB/indicadoresSidesoft/public/index.php(55): Illuminate\\Foundation\\Http\\Kernel->handle()
#40 /home/openbravo/Desktop/SIDESOFT/INDICADORES SITEMA WEB/indicadoresSidesoft/server.php(21): require_once('/home/openbravo...')
#41 {main}
"} 
